(1)ENTER: Module Util.GetNamespace [Entered]: 34988.9
(1)Leave: Module Util.GetNamespace-----------------------------------------------
(1)ENTER: Function Secure.StartDatabase [Entered]: 34989.11
(2)--->ENTER: Function modFormRoutines.GetAccessUserName [Entered]: 34989.15
(3)------>ENTER: Function COSInfo.TrimNulls [Entered]: 34989.16
(3)------>Leave: Function COSInfo.TrimNulls--------------------------------------------0.00
(3)------>ENTER: Property COSInfo.UserName [Entered]: 34989.18
(4)--------->ENTER: Function COSInfo.TrimNulls [Entered]: 34989.18
(4)--------->Leave: Function COSInfo.TrimNulls--------------------------------------------0.00
(3)------>Leave: Property COSInfo.UserName---------------------------------------------0.00
(2)--->Leave: Function modFormRoutines.GetAccessUserName----------------------------0.04
(2)--->ENTER: Sub CNetworkNT.Class_Initialize [Entered]: 34989.18
(3)------>ENTER: Sub CNetworkNT.Refresh [Entered]: 34989.19
(4)--------->ENTER: Function CNetworkNT.PointerToStringW [Entered]: 34989.19
(4)--------->Leave: Function CNetworkNT.PointerToStringW----------------------------------0.00
(4)--------->ENTER: Function CNetworkNT.PointerToStringW [Entered]: 34989.19
(4)--------->Leave: Function CNetworkNT.PointerToStringW----------------------------------0.00
(4)--------->ENTER: Function CNetworkNT.PointerToStringW [Entered]: 34989.19
(4)--------->Leave: Function CNetworkNT.PointerToStringW----------------------------------0.00
(4)--------->ENTER: Function CNetworkNT.PointerToStringW [Entered]: 34989.19
(4)--------->Leave: Function CNetworkNT.PointerToStringW----------------------------------0.00
(4)--------->ENTER: Function CNetworkNT.PointerToStringW [Entered]: 34989.19
(4)--------->Leave: Function CNetworkNT.PointerToStringW----------------------------------0.00
(4)--------->ENTER: Function CNetworkNT.PointerToStringW [Entered]: 34989.19
(4)--------->Leave: Function CNetworkNT.PointerToStringW----------------------------------0.00
(4)--------->ENTER: Function CNetworkNT.PointerToStringW [Entered]: 34989.19
(4)--------->Leave: Function CNetworkNT.PointerToStringW----------------------------------0.00
(3)------>Leave: Sub CNetworkNT.Refresh------------------------------------------------0.00
(2)--->Leave: Sub CNetworkNT.Class_Initialize---------------------------------------0.01
(2)--->ENTER: Sub cAppRoleSec.Class_Initialize [Entered]: 34989.21
(3)------>ENTER: Sub cAppRoleSec.ReadBaseString [Entered]: 34989.22
(4)--------->ENTER: Function cAppRoleSec.CalculateAppRolePW [Entered]: 34989.24
(5)------------>ENTER: Sub CLicense.Class_Initialize [Entered]: 34989.25
(5)------------>Leave: Sub CLicense.Class_Initialize-----------------------------------------0.00
(5)------------>ENTER: Function CLicense.CreatePWforAppRole [Entered]: 34989.25
(6)--------------->ENTER: Function cLicense2.CreatePW [Entered]: 34989.25
(6)--------------->Leave: Function cLicense2.CreatePW-------------------------------------------0.01
(6)--------------->ENTER: Function cLicense2.CreateSalt [Entered]: 34989.26
(6)--------------->Leave: Function cLicense2.CreateSalt-----------------------------------------0.00
(6)--------------->ENTER: Function cLicense.crEncode64 [Entered]: 34989.27
(6)--------------->Leave: Function cLicense.crEncode64------------------------------------------0.00
(5)------------>Leave: Function CLicense.CreatePWforAppRole----------------------------------0.02
(4)--------->Leave: Function cAppRoleSec.CalculateAppRolePW-------------------------------0.03
(3)------>Leave: Sub cAppRoleSec.ReadBaseString----------------------------------------0.05
(2)--->Leave: Sub cAppRoleSec.Class_Initialize--------------------------------------0.06
(2)--->ENTER: Function Secure.TimeCheckOK [Entered]: 34989.78
(2)--->Leave: Function Secure.TimeCheckOK-------------------------------------------0.00
(1)Leave: Function Secure.StartDatabase------------------------------------------
(1)ENTER: Module Util.GetNamespace [Entered]: 34990.71
(1)Leave: Module Util.GetNamespace-----------------------------------------------
(1)ENTER: VBA Document Form_ChecklistTemplateItemComments.Form_Open [Entered]: 34990.71
(1)Leave: VBA Document Form_ChecklistTemplateItemComments.Form_Open--------------
(1)ENTER: VBA Document Form_ChecklistItemsTabbedSF.Form_Open [Entered]: 34990.88
(1)Leave: VBA Document Form_ChecklistItemsTabbedSF.Form_Open---------------------
(1)ENTER: Module Util.GetNamespace [Entered]: 34990.98
(1)Leave: Module Util.GetNamespace-----------------------------------------------
(1)ENTER: VBA Document Form_ChecklistItemsTabbedSF.Form_Load [Entered]: 34990.98
(1)Leave: VBA Document Form_ChecklistItemsTabbedSF.Form_Load---------------------
(1)ENTER: VBA Document Form_Treeview.Form_Load [Entered]: 34991.34
(2)--->ENTER: Module Util.GetNamespace [Entered]: 34991.34
(2)--->Leave: Module Util.GetNamespace----------------------------------------------0.00
(2)--->ENTER: Sub cTimer.Class_Initialize [Entered]: 34991.51
(2)--->Leave: Sub cTimer.Class_Initialize-------------------------------------------0.00
(2)--->ENTER: Sub cTimer.Class_Initialize [Entered]: 34991.51
(2)--->Leave: Sub cTimer.Class_Initialize-------------------------------------------0.00
(2)--->ENTER: Property cTimer.Enabled [Entered]: 34991.52
(2)--->Leave: Property cTimer.Enabled-----------------------------------------------0.00
(2)--->ENTER: Property cTimer.Enabled [Entered]: 34991.52
(2)--->Leave: Property cTimer.Enabled-----------------------------------------------0.00
(2)--->ENTER: Property cTimer.Interval [Entered]: 34991.52
(2)--->Leave: Property cTimer.Interval----------------------------------------------0.00
(2)--->ENTER: Property cTimer.Interval [Entered]: 34991.52
(2)--->Leave: Property cTimer.Interval----------------------------------------------0.00
(1)Leave: VBA Document Form_Treeview.Form_Load-----------------------------------
(1)ENTER: VBA Document Form_Treeview.Form_Resize [Entered]: 34991.52
(1)Leave: VBA Document Form_Treeview.Form_Resize---------------------------------
(1)ENTER: Module Util.GetNamespace [Entered]: 34991.56
(1)Leave: Module Util.GetNamespace-----------------------------------------------
(1)ENTER: Sub Form_Concepts.Form_Load[Entered]: 34991.57
(2)--->ENTER: Sub cTimer.Class_Initialize [Entered]: 34991.57
(2)--->Leave: Sub cTimer.Class_Initialize-------------------------------------------0.00
(2)--->ENTER: Property cTimer.Interval [Entered]: 34991.57
(2)--->Leave: Property cTimer.Interval----------------------------------------------0.00
(2)--->ENTER: Sub cSplitter.INIT [Entered]: 34991.58
(3)------>ENTER: Sub FormInfo.Class_Initialize [Entered]: 34991.58
(4)--------->ENTER: Sub FormInfo.GetScreenInfo [Entered]: 34991.58
(4)--------->Leave: Sub FormInfo.GetScreenInfo--------------------------------------------0.00
(3)------>Leave: Sub FormInfo.Class_Initialize-----------------------------------------0.00
(3)------>ENTER: Property FormInfo.SetFormObject [Entered]: 34991.59
(4)--------->ENTER: Sub FormInfo.GetScreenInfo [Entered]: 34991.59
(4)--------->Leave: Sub FormInfo.GetScreenInfo--------------------------------------------0.00
(4)--------->ENTER: Sub FormInfo.GetClientOffsets [Entered]: 34991.59
(4)--------->Leave: Sub FormInfo.GetClientOffsets-----------------------------------------0.00
(4)--------->ENTER: Function FormInfo.GetIsPopup [Entered]: 34991.59
(4)--------->Leave: Function FormInfo.GetIsPopup------------------------------------------0.00
(4)--------->ENTER: Function FormInfo.GetIsSubform [Entered]: 34991.59
(4)--------->Leave: Function FormInfo.GetIsSubform----------------------------------------0.00
(3)------>Leave: Property FormInfo.SetFormObject---------------------------------------0.00
(3)------>ENTER: Property FormInfo.WindowType [Entered]: 34991.59
(3)------>Leave: Property FormInfo.WindowType------------------------------------------0.00
(3)------>ENTER: Property FormInfo.TwipsPerPixelX [Entered]: 34991.6
(3)------>Leave: Property FormInfo.TwipsPerPixelX--------------------------------------0.00
(3)------>ENTER: Property FormInfo.TwipsPerPixelY [Entered]: 34991.6
(3)------>Leave: Property FormInfo.TwipsPerPixelY--------------------------------------0.00
(3)------>ENTER: Property FormInfo.ClientOffsetY [Entered]: 34991.6
(3)------>Leave: Property FormInfo.ClientOffsetY---------------------------------------0.00
(3)------>ENTER: Property FormInfo.ClientOffsetX [Entered]: 34991.6
(3)------>Leave: Property FormInfo.ClientOffsetX---------------------------------------0.00
(3)------>ENTER: Property FormInfo.BorderWidth [Entered]: 34991.61
(4)--------->ENTER: Property FormInfo.TwipsPerPixelX [Entered]: 34991.61
(4)--------->Leave: Property FormInfo.TwipsPerPixelX--------------------------------------0.00
(3)------>Leave: Property FormInfo.BorderWidth-----------------------------------------0.00
(2)--->Leave: Sub cSplitter.INIT----------------------------------------------------0.03
(2)--->ENTER: VBA Document Form_Treeview.Form_Resize [Entered]: 34991.65
(2)--->Leave: VBA Document Form_Treeview.Form_Resize--------------------------------0.02
(1)Leave: Sub Form_Concepts.Form_Loa---------------------------------------------
(1)ENTER: VBA Document Form_Concepts.cboTemplate_GotFocus [Entered]: 34991.69
(1)Leave: VBA Document Form_Concepts.cboTemplate_GotFocus------------------------
(1)ENTER: Sub cSplitter.mDetail_MouseMove [Entered]: 34993.14
(2)--->ENTER: Function modScrollInfo.fGetScrollBarPosHZ [Entered]: 34993.14
(3)------>ENTER: Function modScrollInfo.fIsScrollBarHZ [Entered]: 34993.14
(3)------>Leave: Function modScrollInfo.fIsScrollBarHZ---------------------------------0.00
(2)--->Leave: Function modScrollInfo.fGetScrollBarPosHZ-----------------------------0.00
(2)--->ENTER: Function modScrollInfo.fGetScrollBarPos [Entered]: 34993.14
(3)------>ENTER: Function modScrollInfo.fIsScrollBar [Entered]: 34993.14
(3)------>Leave: Function modScrollInfo.fIsScrollBar-----------------------------------0.00
(2)--->Leave: Function modScrollInfo.fGetScrollBarPos-------------------------------0.00
(1)Leave: Sub cSplitter.mDetail_MouseMove----------------------------------------
(1)ENTER: Sub cSplitter.mDetail_MouseMove [Entered]: 34993.14
(2)--->ENTER: Function modScrollInfo.fGetScrollBarPosHZ [Entered]: 34993.14
(3)------>ENTER: Function modScrollInfo.fIsScrollBarHZ [Entered]: 34993.14
(3)------>Leave: Function modScrollInfo.fIsScrollBarHZ---------------------------------0.00
(2)--->Leave: Function modScrollInfo.fGetScrollBarPosHZ-----------------------------0.00
(2)--->ENTER: Function modScrollInfo.fGetScrollBarPos [Entered]: 34993.14
(3)------>ENTER: Function modScrollInfo.fIsScrollBar [Entered]: 34993.14
(3)------>Leave: Function modScrollInfo.fIsScrollBar-----------------------------------0.00
(2)--->Leave: Function modScrollInfo.fGetScrollBarPos-------------------------------0.00
(1)Leave: Sub cSplitter.mDetail_MouseMove----------------------------------------
(1)ENTER: Sub cSplitter.mDetail_MouseMove [Entered]: 34993.15
(2)--->ENTER: Function modScrollInfo.fGetScrollBarPosHZ [Entered]: 34993.15
(3)------>ENTER: Function modScrollInfo.fIsScrollBarHZ [Entered]: 34993.15
(3)------>Leave: Function modScrollInfo.fIsScrollBarHZ---------------------------------0.00
(2)--->Leave: Function modScrollInfo.fGetScrollBarPosHZ-----------------------------0.00
(2)--->ENTER: Function modScrollInfo.fGetScrollBarPos [Entered]: 34993.15
(3)------>ENTER: Function modScrollInfo.fIsScrollBar [Entered]: 34993.15
(3)------>Leave: Function modScrollInfo.fIsScrollBar-----------------------------------0.00
(2)--->Leave: Function modScrollInfo.fGetScrollBarPos-------------------------------0.00
(1)Leave: Sub cSplitter.mDetail_MouseMove----------------------------------------
(1)ENTER: Sub cSplitter.mDetail_MouseMove [Entered]: 34993.16
(2)--->ENTER: Function modScrollInfo.fGetScrollBarPosHZ [Entered]: 34993.16
(3)------>ENTER: Function modScrollInfo.fIsScrollBarHZ [Entered]: 34993.16
(3)------>Leave: Function modScrollInfo.fIsScrollBarHZ---------------------------------0.00
(2)--->Leave: Function modScrollInfo.fGetScrollBarPosHZ-----------------------------0.00
(2)--->ENTER: Function modScrollInfo.fGetScrollBarPos [Entered]: 34993.16
(3)------>ENTER: Function modScrollInfo.fIsScrollBar [Entered]: 34993.16
(3)------>Leave: Function modScrollInfo.fIsScrollBar-----------------------------------0.00
(2)--->Leave: Function modScrollInfo.fGetScrollBarPos-------------------------------0.00
(1)Leave: Sub cSplitter.mDetail_MouseMove----------------------------------------
(1)ENTER: Sub cSplitter.mDetail_MouseMove [Entered]: 34993.17
(2)--->ENTER: Function modScrollInfo.fGetScrollBarPosHZ [Entered]: 34993.17
(3)------>ENTER: Function modScrollInfo.fIsScrollBarHZ [Entered]: 34993.17
(3)------>Leave: Function modScrollInfo.fIsScrollBarHZ---------------------------------0.00
(2)--->Leave: Function modScrollInfo.fGetScrollBarPosHZ-----------------------------0.00
(2)--->ENTER: Function modScrollInfo.fGetScrollBarPos [Entered]: 34993.17
(3)------>ENTER: Function modScrollInfo.fIsScrollBar [Entered]: 34993.17
(3)------>Leave: Function modScrollInfo.fIsScrollBar-----------------------------------0.00
(2)--->Leave: Function modScrollInfo.fGetScrollBarPos-------------------------------0.00
(1)Leave: Sub cSplitter.mDetail_MouseMove----------------------------------------
(1)ENTER: Sub cSplitter.mDetail_MouseMove [Entered]: 34995.05
(2)--->ENTER: Function modScrollInfo.fGetScrollBarPosHZ [Entered]: 34995.05
(3)------>ENTER: Function modScrollInfo.fIsScrollBarHZ [Entered]: 34995.05
(3)------>Leave: Function modScrollInfo.fIsScrollBarHZ---------------------------------0.00
(2)--->Leave: Function modScrollInfo.fGetScrollBarPosHZ-----------------------------0.00
(2)--->ENTER: Function modScrollInfo.fGetScrollBarPos [Entered]: 34995.05
(3)------>ENTER: Function modScrollInfo.fIsScrollBar [Entered]: 34995.05
(3)------>Leave: Function modScrollInfo.fIsScrollBar-----------------------------------0.00
(2)--->Leave: Function modScrollInfo.fGetScrollBarPos-------------------------------0.00
(1)Leave: Sub cSplitter.mDetail_MouseMove----------------------------------------
(1)ENTER: Sub cSplitter.mForm_Unload [Entered]: 35026.23
(1)Leave: Sub cSplitter.mForm_Unload---------------------------------------------
(1)ENTER: Sub cTimer.Class_Terminate [Entered]: 35026.26
(2)--->ENTER: Property cTimer.Enabled [Entered]: 35026.26
(2)--->Leave: Property cTimer.Enabled-----------------------------------------------0.00
(1)Leave: Sub cTimer.Class_Terminate---------------------------------------------
(1)ENTER: Sub cTimer.Class_Terminate [Entered]: 35026.26
(2)--->ENTER: Property cTimer.Enabled [Entered]: 35026.26
(2)--->Leave: Property cTimer.Enabled-----------------------------------------------0.00
(1)Leave: Sub cTimer.Class_Terminate---------------------------------------------
(1)ENTER: Sub cSplitter.Class_Terminate [Entered]: 35026.3
(2)--->ENTER: Property cTimer.Interval [Entered]: 35026.3
(2)--->Leave: Property cTimer.Interval----------------------------------------------0.00
(2)--->ENTER: Property cTimer.Enabled [Entered]: 35026.3
(2)--->Leave: Property cTimer.Enabled-----------------------------------------------0.00
(2)--->ENTER: Sub cTimer.Class_Terminate [Entered]: 35026.3
(3)------>ENTER: Property cTimer.Enabled [Entered]: 35026.3
(3)------>Leave: Property cTimer.Enabled-----------------------------------------------0.00
(2)--->Leave: Sub cTimer.Class_Terminate--------------------------------------------0.00
(1)Leave: Sub cSplitter.Class_Terminate------------------------------------------
